d:\servercorewz\output\temp\ftpserver\debug\ftpserver.pch
d:\servercorewz\output\temp\ftpserver\debug\vc120.pdb
d:\servercorewz\output\temp\ftpserver\debug\vc120.idb
d:\servercorewz\output\temp\ftpserver\debug\stdafx.obj
d:\servercorewz\output\temp\ftpserver\debug\fishserverconfig.obj
d:\servercorewz\output\temp\ftpserver\debug\tinyxml2.obj
d:\servercorewz\output\temp\ftpserver\debug\xmlreader.obj
d:\servercorewz\output\temp\ftpserver\debug\fishserver.obj
d:\servercorewz\output\temp\ftpserver\debug\ftpserver.obj
d:\servercorewz\output\debug\ftpserver.ilk
d:\servercorewz\output\debug\ftpserver.exe
d:\servercorewz\output\debug\ftpserver.pdb
d:\servercorewz\\output\debug\ftpserver.pdb
d:\servercorewz\\output\debug\ftpserver.exe
d:\servercorewz\\output\debug\ftpserver.ilk
d:\servercorewz\output\temp\ftpserver\debug\ftpserver.tlog\cl.command.1.tlog
d:\servercorewz\output\temp\ftpserver\debug\ftpserver.tlog\cl.read.1.tlog
d:\servercorewz\output\temp\ftpserver\debug\ftpserver.tlog\cl.write.1.tlog
d:\servercorewz\output\temp\ftpserver\debug\ftpserver.tlog\link.command.1.tlog
d:\servercorewz\output\temp\ftpserver\debug\ftpserver.tlog\link.read.1.tlog
d:\servercorewz\output\temp\ftpserver\debug\ftpserver.tlog\link.write.1.tlog
