d:\servercorewz\output\temp\controlserver\debug\controlserver.pch
d:\servercorewz\output\temp\controlserver\debug\vc120.pdb
d:\servercorewz\output\temp\controlserver\debug\vc120.idb
d:\servercorewz\output\temp\controlserver\debug\stdafx.obj
d:\servercorewz\output\temp\controlserver\debug\fishconfig.obj
d:\servercorewz\output\temp\controlserver\debug\fishserverconfig.obj
d:\servercorewz\output\temp\controlserver\debug\tinyxml2.obj
d:\servercorewz\output\temp\controlserver\debug\xmlreader.obj
d:\servercorewz\output\temp\controlserver\debug\controlserver.obj
d:\servercorewz\output\temp\controlserver\debug\fishserver.obj
d:\servercorewz\output\debug\controlserver.ilk
d:\servercorewz\output\debug\controlserver.exe
d:\servercorewz\output\debug\controlserver.pdb
d:\servercorewz\\output\debug\controlserver.pdb
d:\servercorewz\\output\debug\controlserver.exe
d:\servercorewz\\output\debug\controlserver.ilk
d:\servercorewz\output\temp\controlserver\debug\controlserver.tlog\cl.command.1.tlog
d:\servercorewz\output\temp\controlserver\debug\controlserver.tlog\cl.read.1.tlog
d:\servercorewz\output\temp\controlserver\debug\controlserver.tlog\cl.write.1.tlog
d:\servercorewz\output\temp\controlserver\debug\controlserver.tlog\link.command.1.tlog
d:\servercorewz\output\temp\controlserver\debug\controlserver.tlog\link.read.1.tlog
d:\servercorewz\output\temp\controlserver\debug\controlserver.tlog\link.write.1.tlog
