生成启动时间为 2018/5/29 11:31:03。
     1>项目“D:\ServerCoreWZ\SourceCode\ControlServer\ControlServer.vcxproj”在节点 3 上(Rebuild 个目标)。
     1>ClCompile:
         C:\Program Files (x86)\Microsoft Visual Studio 12.0\VC\bin\CL.exe /c /ID:\ServerCoreWZ\\SourceCode\Common /ZI /nologo /W3 /WX- /sdl /Od /Oy- /D WIN32 /D _DEBUG /D _CONSOLE /D _LIB /D _UNICODE /D UNICODE /Gm /EHsc /RTC1 /MTd /GS /fp:precise /Zc:wchar_t /Zc:forScope /Yc"stdafx.h" /Fp"D:\ServerCoreWZ\\Output\Temp\ControlServer\Debug\ControlServer.pch" /Fo"D:\ServerCoreWZ\\Output\Temp\ControlServer\Debug\\" /Fd"D:\ServerCoreWZ\\Output\Temp\ControlServer\Debug\vc120.pdb" /Gd /TP /analyze- /errorReport:prompt /Zm110 stdafx.cpp
         stdafx.cpp
         C:\Program Files (x86)\Microsoft Visual Studio 12.0\VC\bin\CL.exe /c /ID:\ServerCoreWZ\\SourceCode\Common /ZI /nologo /W3 /WX- /sdl /Od /Oy- /D WIN32 /D _DEBUG /D _CONSOLE /D _LIB /D _UNICODE /D UNICODE /Gm /EHsc /RTC1 /MTd /GS /fp:precise /Zc:wchar_t /Zc:forScope /Yu"stdafx.h" /Fp"D:\ServerCoreWZ\\Output\Temp\ControlServer\Debug\ControlServer.pch" /Fo"D:\ServerCoreWZ\\Output\Temp\ControlServer\Debug\\" /Fd"D:\ServerCoreWZ\\Output\Temp\ControlServer\Debug\vc120.pdb" /Gd /TP /analyze- /errorReport:prompt /Zm110 ..\CommonFile\FishConfig.cpp ..\CommonFile\FishServerConfig.cpp ..\CommonFile\tinyxml\tinyxml2.cpp ..\CommonFile\tinyxml\XmlReader.cpp ControlServer.cpp FishServer.cpp
         FishServer.cpp
         ControlServer.cpp
         XmlReader.cpp
         tinyxml2.cpp
         FishServerConfig.cpp
         FishConfig.cpp
         正在生成代码...
       Link:
         C:\Program Files (x86)\Microsoft Visual Studio 12.0\VC\bin\link.exe /ERRORREPORT:PROMPT /OUT:"D:\ServerCoreWZ\\Output\Debug\ControlServer.exe" /INCREMENTAL /NOLOGO /LIBPATH:D:\ServerCoreWZ\\Output\Debug Common.lib kernel32.lib user32.lib gdi32.lib winspool.lib comdlg32.lib advapi32.lib shell32.lib ole32.lib oleaut32.lib uuid.lib odbc32.lib odbccp32.lib /MANIFEST /MANIFESTUAC:"level='asInvoker' uiAccess='false'" /manifest:embed /DEBUG /PDB:"D:\ServerCoreWZ\\Output\Debug\ControlServer.pdb" /SUBSYSTEM:CONSOLE /TLBID:1 /DYNAMICBASE /NXCOMPAT /IMPLIB:"D:\ServerCoreWZ\\Output\Debug\ControlServer.lib" /MACHINE:X86 D:\ServerCoreWZ\\Output\Temp\ControlServer\Debug\FishConfig.obj
         D:\ServerCoreWZ\\Output\Temp\ControlServer\Debug\FishServerConfig.obj
         D:\ServerCoreWZ\\Output\Temp\ControlServer\Debug\tinyxml2.obj
         D:\ServerCoreWZ\\Output\Temp\ControlServer\Debug\XmlReader.obj
         D:\ServerCoreWZ\\Output\Temp\ControlServer\Debug\ControlServer.obj
         D:\ServerCoreWZ\\Output\Temp\ControlServer\Debug\FishServer.obj
         D:\ServerCoreWZ\\Output\Temp\ControlServer\Debug\stdafx.obj
         ControlServer.vcxproj -> D:\ServerCoreWZ\\Output\Debug\ControlServer.exe
     1>已完成生成项目“D:\ServerCoreWZ\SourceCode\ControlServer\ControlServer.vcxproj”(Rebuild 个目标)的操作。

生成成功。

已用时间 00:00:30.83
