d:\servercorewz\output\temp\dbserver\debug\dbserver.pch
d:\servercorewz\output\temp\dbserver\debug\vc120.pdb
d:\servercorewz\output\temp\dbserver\debug\vc120.idb
d:\servercorewz\output\temp\dbserver\debug\stdafx.obj
d:\servercorewz\output\temp\dbserver\debug\fishconfig.obj
d:\servercorewz\output\temp\dbserver\debug\fishserverconfig.obj
d:\servercorewz\output\temp\dbserver\debug\tinyxml2.obj
d:\servercorewz\output\temp\dbserver\debug\xmlreader.obj
d:\servercorewz\output\temp\dbserver\debug\dbmain.obj
d:\servercorewz\output\temp\dbserver\debug\fishserver.obj
d:\servercorewz\output\debug\dbserver.ilk
d:\servercorewz\output\debug\dbserver.exe
d:\servercorewz\output\debug\dbserver.pdb
d:\servercorewz\\output\debug\dbserver.pdb
d:\servercorewz\\output\debug\dbserver.exe
d:\servercorewz\\output\debug\dbserver.ilk
d:\servercorewz\output\temp\dbserver\debug\dbserver.tlog\cl.command.1.tlog
d:\servercorewz\output\temp\dbserver\debug\dbserver.tlog\cl.read.1.tlog
d:\servercorewz\output\temp\dbserver\debug\dbserver.tlog\cl.write.1.tlog
d:\servercorewz\output\temp\dbserver\debug\dbserver.tlog\link.command.1.tlog
d:\servercorewz\output\temp\dbserver\debug\dbserver.tlog\link.read.1.tlog
d:\servercorewz\output\temp\dbserver\debug\dbserver.tlog\link.write.1.tlog
