生成启动时间为 2018/5/29 11:29:49。
     1>项目“D:\ServerCoreWZ\SourceCode\DBServer\DBServer.vcxproj”在节点 5 上(Rebuild 个目标)。
     1>ClCompile:
         C:\Program Files (x86)\Microsoft Visual Studio 12.0\VC\bin\CL.exe /c /ID:\ServerCoreWZ\\SourceCode\Common /Zi /nologo /W3 /WX- /Od /Oy- /D WIN32 /D _DEBUG /D _CONSOLE /D DBSERVER /D _UNICODE /D UNICODE /Gm /EHsc /RTC1 /MTd /GS /fp:precise /Zc:wchar_t /Zc:forScope /Yc"stdafx.h" /Fp"D:\ServerCoreWZ\\Output\Temp\DBServer\Debug\DBServer.pch" /Fo"D:\ServerCoreWZ\\Output\Temp\DBServer\Debug\\" /Fd"D:\ServerCoreWZ\\Output\Temp\DBServer\Debug\vc120.pdb" /Gd /TP /analyze- /errorReport:prompt /Zm110 stdafx.cpp
         stdafx.cpp
         C:\Program Files (x86)\Microsoft Visual Studio 12.0\VC\bin\CL.exe /c /ID:\ServerCoreWZ\\SourceCode\Common /Zi /nologo /W3 /WX- /Od /Oy- /D WIN32 /D _DEBUG /D _CONSOLE /D DBSERVER /D _UNICODE /D UNICODE /Gm /EHsc /RTC1 /MTd /GS /fp:precise /Zc:wchar_t /Zc:forScope /Yu"stdafx.h" /Fp"D:\ServerCoreWZ\\Output\Temp\DBServer\Debug\DBServer.pch" /Fo"D:\ServerCoreWZ\\Output\Temp\DBServer\Debug\\" /Fd"D:\ServerCoreWZ\\Output\Temp\DBServer\Debug\vc120.pdb" /Gd /TP /analyze- /errorReport:prompt /Zm110 ..\CommonFile\FishConfig.cpp ..\CommonFile\FishServerConfig.cpp ..\CommonFile\tinyxml\tinyxml2.cpp ..\CommonFile\tinyxml\XmlReader.cpp DBMain.cpp FishServer.cpp
         FishServer.cpp
         DBMain.cpp
         XmlReader.cpp
         tinyxml2.cpp
         FishServerConfig.cpp
         FishConfig.cpp
         正在生成代码...
       Link:
         C:\Program Files (x86)\Microsoft Visual Studio 12.0\VC\bin\link.exe /ERRORREPORT:PROMPT /OUT:"D:\ServerCoreWZ\\Output\Debug\DBServer.exe" /INCREMENTAL /NOLOGO /LIBPATH:D:\ServerCoreWZ\\Output\Debug /LIBPATH:D:\ServerCoreWZ\SourceCode\DBServer\\..\ThirdParty\MySQL\Lib Common.lib kernel32.lib user32.lib gdi32.lib winspool.lib comdlg32.lib advapi32.lib shell32.lib ole32.lib oleaut32.lib uuid.lib odbc32.lib odbccp32.lib /MANIFEST /MANIFESTUAC:"level='asInvoker' uiAccess='false'" /manifest:embed /DEBUG /PDB:"D:\ServerCoreWZ\\Output\Debug\DBServer.pdb" /SUBSYSTEM:CONSOLE /TLBID:1 /DYNAMICBASE /NXCOMPAT /IMPLIB:"D:\ServerCoreWZ\\Output\Debug\DBServer.lib" /MACHINE:X86 /SAFESEH D:\ServerCoreWZ\\Output\Temp\DBServer\Debug\FishConfig.obj
         D:\ServerCoreWZ\\Output\Temp\DBServer\Debug\FishServerConfig.obj
         D:\ServerCoreWZ\\Output\Temp\DBServer\Debug\tinyxml2.obj
         D:\ServerCoreWZ\\Output\Temp\DBServer\Debug\XmlReader.obj
         D:\ServerCoreWZ\\Output\Temp\DBServer\Debug\DBMain.obj
         D:\ServerCoreWZ\\Output\Temp\DBServer\Debug\FishServer.obj
         D:\ServerCoreWZ\\Output\Temp\DBServer\Debug\stdafx.obj
         D:\ServerCoreWZ\Output\Debug\Common.lib
         DBServer.vcxproj -> D:\ServerCoreWZ\\Output\Debug\DBServer.exe
     1>已完成生成项目“D:\ServerCoreWZ\SourceCode\DBServer\DBServer.vcxproj”(Rebuild 个目标)的操作。

生成成功。

已用时间 00:00:32.39
