d:\servercorewz\output\temp\common\debug\common.pch
d:\servercorewz\output\temp\common\debug\vc120.pdb
d:\servercorewz\output\temp\common\debug\vc120.idb
d:\servercorewz\output\temp\common\debug\stdafx.obj
d:\servercorewz\output\temp\common\debug\ftpserver.obj
d:\servercorewz\output\temp\common\debug\gateway.obj
d:\servercorewz\output\temp\common\debug\httpclient.obj
d:\servercorewz\output\temp\common\debug\httpserver.obj
d:\servercorewz\output\temp\common\debug\newserver.obj
d:\servercorewz\output\temp\common\debug\random.obj
d:\servercorewz\output\temp\common\debug\sql.obj
d:\servercorewz\output\temp\common\debug\sqlindexmap.obj
d:\servercorewz\output\temp\common\debug\sqloperator.obj
d:\servercorewz\output\temp\common\debug\sqltable.obj
d:\servercorewz\output\temp\common\debug\sqlupdater.obj
d:\servercorewz\output\temp\common\debug\sqlutinity.obj
d:\servercorewz\output\temp\common\debug\tcpclient.obj
d:\servercorewz\output\temp\common\debug\tcpserver.obj
d:\servercorewz\output\temp\common\debug\tcpserverold.obj
d:\servercorewz\output\temp\common\debug\testsql.obj
d:\servercorewz\output\temp\common\debug\timer.obj
d:\servercorewz\output\temp\common\debug\tinyxml2.obj
d:\servercorewz\output\temp\common\debug\udpclient.obj
d:\servercorewz\output\temp\common\debug\udpserver.obj
d:\servercorewz\output\temp\common\debug\common.obj
d:\servercorewz\output\temp\common\debug\crc32.obj
d:\servercorewz\output\temp\common\debug\dump.obj
d:\servercorewz\output\temp\common\debug\encoder.obj
d:\servercorewz\output\temp\common\debug\ftpclient.obj
d:\servercorewz\output\debug\common.lib
d:\servercorewz\\output\debug\common.lib
d:\servercorewz\output\temp\common\debug\common.tlog\cl.command.1.tlog
d:\servercorewz\output\temp\common\debug\common.tlog\cl.read.1.tlog
d:\servercorewz\output\temp\common\debug\common.tlog\cl.write.1.tlog
d:\servercorewz\output\temp\common\debug\common.tlog\lib-link.read.1.tlog
d:\servercorewz\output\temp\common\debug\common.tlog\lib-link.write.1.tlog
d:\servercorewz\output\temp\common\debug\common.tlog\lib.command.1.tlog
