生成启动时间为 2018/5/29 11:30:21。
     1>项目“D:\ServerCoreWZ\SourceCode\LogonServer\LogonServer.vcxproj”在节点 3 上(Rebuild 个目标)。
     1>ClCompile:
         C:\Program Files (x86)\Microsoft Visual Studio 12.0\VC\bin\CL.exe /c /ID:\ServerCoreWZ\\SourceCode\Common /Zi /nologo /W3 /WX- /Od /Oy- /D WIN32 /D _DEBUG /D _CONSOLE /D LOGONSERVER /D _UNICODE /D UNICODE /Gm /EHsc /RTC1 /MTd /GS /fp:precise /Zc:wchar_t /Zc:forScope /Yc"stdafx.h" /Fp"D:\ServerCoreWZ\\Output\Temp\LogonServer\Debug\LogonServer.pch" /Fo"D:\ServerCoreWZ\\Output\Temp\LogonServer\Debug\\" /Fd"D:\ServerCoreWZ\\Output\Temp\LogonServer\Debug\vc120.pdb" /Gd /TP /analyze- /errorReport:prompt /Zm110 stdafx.cpp
         stdafx.cpp
         C:\Program Files (x86)\Microsoft Visual Studio 12.0\VC\bin\CL.exe /c /ID:\ServerCoreWZ\\SourceCode\Common /Zi /nologo /W3 /WX- /Od /Oy- /D WIN32 /D _DEBUG /D _CONSOLE /D LOGONSERVER /D _UNICODE /D UNICODE /Gm /EHsc /RTC1 /MTd /GS /fp:precise /Zc:wchar_t /Zc:forScope /Yu"stdafx.h" /Fp"D:\ServerCoreWZ\\Output\Temp\LogonServer\Debug\LogonServer.pch" /Fo"D:\ServerCoreWZ\\Output\Temp\LogonServer\Debug\\" /Fd"D:\ServerCoreWZ\\Output\Temp\LogonServer\Debug\vc120.pdb" /Gd /TP /analyze- /errorReport:prompt /Zm110 ..\CommonFile\FishConfig.cpp ..\CommonFile\FishServerConfig.cpp ..\CommonFile\tinyxml\tinyxml2.cpp ..\CommonFile\tinyxml\XmlReader.cpp FishServer.cpp LogonCache.cpp LogonManager.cpp LogonServer.cpp
         LogonServer.cpp
         LogonManager.cpp
         LogonCache.cpp
         FishServer.cpp
     1>FishServer.cpp(1902): warning C4996: 'inet_addr': Use inet_pton() or InetPton() instead or define _WINSOCK_DEPRECATED_NO_WARNINGS to disable deprecated API warnings
                 C:\Program Files (x86)\Windows Kits\8.1\Include\um\WinSock2.h(1850) : 参见“inet_addr”的声明
     1>FishServer.cpp(1915): warning C4996: 'inet_addr': Use inet_pton() or InetPton() instead or define _WINSOCK_DEPRECATED_NO_WARNINGS to disable deprecated API warnings
                 C:\Program Files (x86)\Windows Kits\8.1\Include\um\WinSock2.h(1850) : 参见“inet_addr”的声明
     1>FishServer.cpp(1920): warning C4996: 'inet_addr': Use inet_pton() or InetPton() instead or define _WINSOCK_DEPRECATED_NO_WARNINGS to disable deprecated API warnings
                 C:\Program Files (x86)\Windows Kits\8.1\Include\um\WinSock2.h(1850) : 参见“inet_addr”的声明
         XmlReader.cpp
         tinyxml2.cpp
         FishServerConfig.cpp
         FishConfig.cpp
         正在生成代码...
       Link:
         C:\Program Files (x86)\Microsoft Visual Studio 12.0\VC\bin\link.exe /ERRORREPORT:PROMPT /OUT:"D:\ServerCoreWZ\\Output\Debug\LogonServer.exe" /INCREMENTAL /NOLOGO /LIBPATH:D:\ServerCoreWZ\\Output\Debug Common.lib kernel32.lib user32.lib gdi32.lib winspool.lib comdlg32.lib advapi32.lib shell32.lib ole32.lib oleaut32.lib uuid.lib odbc32.lib odbccp32.lib /MANIFEST /MANIFESTUAC:"level='asInvoker' uiAccess='false'" /manifest:embed /DEBUG /PDB:"D:\ServerCoreWZ\\Output\Debug\LogonServer.pdb" /SUBSYSTEM:CONSOLE /TLBID:1 /DYNAMICBASE /NXCOMPAT /IMPLIB:"D:\ServerCoreWZ\\Output\Debug\LogonServer.lib" /MACHINE:X86 /SAFESEH D:\ServerCoreWZ\\Output\Temp\LogonServer\Debug\FishConfig.obj
         D:\ServerCoreWZ\\Output\Temp\LogonServer\Debug\FishServerConfig.obj
         D:\ServerCoreWZ\\Output\Temp\LogonServer\Debug\tinyxml2.obj
         D:\ServerCoreWZ\\Output\Temp\LogonServer\Debug\XmlReader.obj
         D:\ServerCoreWZ\\Output\Temp\LogonServer\Debug\FishServer.obj
         D:\ServerCoreWZ\\Output\Temp\LogonServer\Debug\LogonCache.obj
         D:\ServerCoreWZ\\Output\Temp\LogonServer\Debug\LogonManager.obj
         D:\ServerCoreWZ\\Output\Temp\LogonServer\Debug\LogonServer.obj
         D:\ServerCoreWZ\\Output\Temp\LogonServer\Debug\stdafx.obj
         D:\ServerCoreWZ\Output\Debug\Common.lib
         LogonServer.vcxproj -> D:\ServerCoreWZ\\Output\Debug\LogonServer.exe
     1>已完成生成项目“D:\ServerCoreWZ\SourceCode\LogonServer\LogonServer.vcxproj”(Rebuild 个目标)的操作。

生成成功。

已用时间 00:00:40.88
