d:\servercorewz\output\temp\logonserver\debug\logonserver.pch
d:\servercorewz\output\temp\logonserver\debug\vc120.pdb
d:\servercorewz\output\temp\logonserver\debug\vc120.idb
d:\servercorewz\output\temp\logonserver\debug\stdafx.obj
d:\servercorewz\output\temp\logonserver\debug\fishconfig.obj
d:\servercorewz\output\temp\logonserver\debug\fishserverconfig.obj
d:\servercorewz\output\temp\logonserver\debug\tinyxml2.obj
d:\servercorewz\output\temp\logonserver\debug\xmlreader.obj
d:\servercorewz\output\temp\logonserver\debug\fishserver.obj
d:\servercorewz\output\temp\logonserver\debug\logoncache.obj
d:\servercorewz\output\temp\logonserver\debug\logonmanager.obj
d:\servercorewz\output\temp\logonserver\debug\logonserver.obj
d:\servercorewz\output\debug\logonserver.ilk
d:\servercorewz\output\debug\logonserver.exe
d:\servercorewz\output\debug\logonserver.pdb
d:\servercorewz\\output\debug\logonserver.pdb
d:\servercorewz\\output\debug\logonserver.exe
d:\servercorewz\\output\debug\logonserver.ilk
d:\servercorewz\output\temp\logonserver\debug\logonserver.tlog\cl.command.1.tlog
d:\servercorewz\output\temp\logonserver\debug\logonserver.tlog\cl.read.1.tlog
d:\servercorewz\output\temp\logonserver\debug\logonserver.tlog\cl.write.1.tlog
d:\servercorewz\output\temp\logonserver\debug\logonserver.tlog\link.command.1.tlog
d:\servercorewz\output\temp\logonserver\debug\logonserver.tlog\link.read.1.tlog
d:\servercorewz\output\temp\logonserver\debug\logonserver.tlog\link.write.1.tlog
