d:\servercorewz\output\temp\gameserver\debug\gameserver.pch
d:\servercorewz\output\temp\gameserver\debug\vc120.pdb
d:\servercorewz\output\temp\gameserver\debug\vc120.idb
d:\servercorewz\output\temp\gameserver\debug\stdafx.obj
d:\servercorewz\output\temp\gameserver\debug\rolelogonmanager.obj
d:\servercorewz\output\temp\gameserver\debug\rolemailmanager.obj
d:\servercorewz\output\temp\gameserver\debug\rolemanager.obj
d:\servercorewz\output\temp\gameserver\debug\rolemessagestates.obj
d:\servercorewz\output\temp\gameserver\debug\rolemonth.obj
d:\servercorewz\output\temp\gameserver\debug\rolemonthcard.obj
d:\servercorewz\output\temp\gameserver\debug\roleonlinereward.obj
d:\servercorewz\output\temp\gameserver\debug\roleprotect.obj
d:\servercorewz\output\temp\gameserver\debug\rolequeuemanager.obj
d:\servercorewz\output\temp\gameserver\debug\rolerank.obj
d:\servercorewz\output\temp\gameserver\debug\rolerate.obj
d:\servercorewz\output\temp\gameserver\debug\rolerelation.obj
d:\servercorewz\output\temp\gameserver\debug\rolerelationrequest.obj
d:\servercorewz\output\temp\gameserver\debug\roletask.obj
d:\servercorewz\output\temp\gameserver\debug\roletitlemanager.obj
d:\servercorewz\output\temp\gameserver\debug\rolevip.obj
d:\servercorewz\output\temp\gameserver\debug\shopmanager.obj
d:\servercorewz\output\temp\gameserver\debug\skillinfo.obj
d:\servercorewz\output\temp\gameserver\debug\tablemanager.obj
d:\servercorewz\output\temp\gameserver\debug\userlogonmanager.obj
d:\servercorewz\output\temp\gameserver\debug\fishserver.obj
d:\servercorewz\output\temp\gameserver\debug\fishtimer.obj
d:\servercorewz\output\temp\gameserver\debug\gamerobot.obj
d:\servercorewz\output\temp\gameserver\debug\gameserver.obj
d:\servercorewz\output\temp\gameserver\debug\gametable.obj
d:\servercorewz\output\temp\gameserver\debug\lotterymanager.obj
d:\servercorewz\output\temp\gameserver\debug\role.obj
d:\servercorewz\output\temp\gameserver\debug\roleachievement.obj
d:\servercorewz\output\temp\gameserver\debug\roleaction.obj
d:\servercorewz\output\temp\gameserver\debug\rolecache.obj
d:\servercorewz\output\temp\gameserver\debug\rolecharmanager.obj
d:\servercorewz\output\temp\gameserver\debug\rolecheck.obj
d:\servercorewz\output\temp\gameserver\debug\rolechest.obj
d:\servercorewz\output\temp\gameserver\debug\roleex.obj
d:\servercorewz\output\temp\gameserver\debug\roleftpmanager.obj
d:\servercorewz\output\temp\gameserver\debug\rolegamedata.obj
d:\servercorewz\output\temp\gameserver\debug\rolegiff.obj
d:\servercorewz\output\temp\gameserver\debug\roleidentity.obj
d:\servercorewz\output\temp\gameserver\debug\roleitemmanager.obj
d:\servercorewz\output\temp\gameserver\debug\rolelaunchermanager.obj
d:\servercorewz\output\temp\gameserver\debug\fishdeskcmd.obj
d:\servercorewz\output\temp\gameserver\debug\fishscene.obj
d:\servercorewz\output\temp\gameserver\debug\bullet.obj
d:\servercorewz\output\temp\gameserver\debug\bulletmanager.obj
d:\servercorewz\output\temp\gameserver\debug\deadstaytimer.obj
d:\servercorewz\output\temp\gameserver\debug\fish.obj
d:\servercorewz\output\temp\gameserver\debug\fishcamera.obj
d:\servercorewz\output\temp\gameserver\debug\fishcollider.obj
d:\servercorewz\output\temp\gameserver\debug\fishlauncher.obj
d:\servercorewz\output\temp\gameserver\debug\fishmanager.obj
d:\servercorewz\output\temp\gameserver\debug\fishmap.obj
d:\servercorewz\output\temp\gameserver\debug\fishresdata.obj
d:\servercorewz\output\temp\gameserver\debug\fishresmanager.obj
d:\servercorewz\output\temp\gameserver\debug\pathcontroller.obj
d:\servercorewz\output\temp\gameserver\debug\pathevent.obj
d:\servercorewz\output\temp\gameserver\debug\pathlinearinterpolator.obj
d:\servercorewz\output\temp\gameserver\debug\pathtimecontroller.obj
d:\servercorewz\output\temp\gameserver\debug\runtimeinfo.obj
d:\servercorewz\output\temp\gameserver\debug\fishutility.obj
d:\servercorewz\output\temp\gameserver\debug\fishpackagemanager.obj
d:\servercorewz\output\temp\gameserver\debug\dblogmanager.obj
d:\servercorewz\output\temp\gameserver\debug\fishconfig.obj
d:\servercorewz\output\temp\gameserver\debug\fishserverconfig.obj
d:\servercorewz\output\temp\gameserver\debug\tinyxml2.obj
d:\servercorewz\output\temp\gameserver\debug\xmlreader.obj
d:\servercorewz\output\temp\gameserver\debug\announcementmanager.obj
d:\servercorewz\output\temp\gameserver\debug\eventmanager.obj
d:\servercorewz\output\temp\gameserver\debug\exchangemanager.obj
d:\servercorewz\output\temp\gameserver\debug\config.obj
d:\servercorewz\output\temp\gameserver\debug\fishcallback.obj
d:\servercorewz\output\temp\gameserver\debug\fishdesk.obj
d:\servercorewz\output\debug\gameserver.ilk
d:\servercorewz\output\debug\gameserver.exe
d:\servercorewz\output\debug\gameserver.pdb
d:\servercorewz\\output\debug\gameserver.pdb
d:\servercorewz\\output\debug\gameserver.exe
d:\servercorewz\\output\debug\gameserver.ilk
d:\servercorewz\output\temp\gameserver\debug\gameserver.tlog\cl.command.1.tlog
d:\servercorewz\output\temp\gameserver\debug\gameserver.tlog\cl.read.1.tlog
d:\servercorewz\output\temp\gameserver\debug\gameserver.tlog\cl.write.1.tlog
d:\servercorewz\output\temp\gameserver\debug\gameserver.tlog\link.command.1.tlog
d:\servercorewz\output\temp\gameserver\debug\gameserver.tlog\link.read.1.tlog
d:\servercorewz\output\temp\gameserver\debug\gameserver.tlog\link.write.1.tlog
