d:\servercorewz\output\temp\operateserver\debug\operateserver.pch
d:\servercorewz\output\temp\operateserver\debug\vc120.pdb
d:\servercorewz\output\temp\operateserver\debug\vc120.idb
d:\servercorewz\output\temp\operateserver\debug\stdafx.obj
d:\servercorewz\output\temp\operateserver\debug\bindemailmanager.obj
d:\servercorewz\output\temp\operateserver\debug\bindphonemanager.obj
d:\servercorewz\output\temp\operateserver\debug\buyentityitemmanager.obj
d:\servercorewz\output\temp\operateserver\debug\channellogonmanager.obj
d:\servercorewz\output\temp\operateserver\debug\fishserver.obj
d:\servercorewz\output\temp\operateserver\debug\crypthelper.obj
d:\servercorewz\output\temp\operateserver\debug\signutils.obj
d:\servercorewz\output\temp\operateserver\debug\iospaymanager.obj
d:\servercorewz\output\temp\operateserver\debug\normalrechargemanager.obj
d:\servercorewz\output\temp\operateserver\debug\operateserver.obj
d:\servercorewz\output\temp\operateserver\debug\orderonlymanager.obj
d:\servercorewz\output\temp\operateserver\debug\phonelogon.obj
d:\servercorewz\output\temp\operateserver\debug\phonepaymanager.obj
d:\servercorewz\output\temp\operateserver\debug\phonesmsmanager.obj
d:\servercorewz\output\temp\operateserver\debug\qqlogon.obj
d:\servercorewz\output\temp\operateserver\debug\qquserinfomanager.obj
d:\servercorewz\output\temp\operateserver\debug\realnameverificationmanager.obj
d:\servercorewz\output\temp\operateserver\debug\usermbmanager.obj
d:\servercorewz\output\temp\operateserver\debug\weixinlogon.obj
d:\servercorewz\output\temp\operateserver\debug\weixinuserinfomanager.obj
d:\servercorewz\output\temp\operateserver\debug\dblogmanager.obj
d:\servercorewz\output\temp\operateserver\debug\fishconfig.obj
d:\servercorewz\output\temp\operateserver\debug\fishserverconfig.obj
d:\servercorewz\output\temp\operateserver\debug\tinyxml2.obj
d:\servercorewz\output\temp\operateserver\debug\xmlreader.obj
d:\servercorewz\output\temp\operateserver\debug\json_reader.obj
d:\servercorewz\output\temp\operateserver\debug\json_value.obj
d:\servercorewz\output\temp\operateserver\debug\json_writer.obj
d:\servercorewz\output\debug\operateserver.ilk
d:\servercorewz\output\debug\operateserver.exe
d:\servercorewz\output\debug\operateserver.pdb
d:\servercorewz\\output\debug\operateserver.pdb
d:\servercorewz\\output\debug\operateserver.exe
d:\servercorewz\\output\debug\operateserver.ilk
d:\servercorewz\output\temp\operateserver\debug\operateserver.tlog\cl.command.1.tlog
d:\servercorewz\output\temp\operateserver\debug\operateserver.tlog\cl.read.1.tlog
d:\servercorewz\output\temp\operateserver\debug\operateserver.tlog\cl.write.1.tlog
d:\servercorewz\output\temp\operateserver\debug\operateserver.tlog\link.command.1.tlog
d:\servercorewz\output\temp\operateserver\debug\operateserver.tlog\link.read.1.tlog
d:\servercorewz\output\temp\operateserver\debug\operateserver.tlog\link.write.1.tlog
