d:\servercorewz\output\temp\centralserver\debug\centralserver.pch
d:\servercorewz\output\temp\centralserver\debug\vc120.pdb
d:\servercorewz\output\temp\centralserver\debug\vc120.idb
d:\servercorewz\output\temp\centralserver\debug\stdafx.obj
d:\servercorewz\output\temp\centralserver\debug\dblogmanager.obj
d:\servercorewz\output\temp\centralserver\debug\fishconfig.obj
d:\servercorewz\output\temp\centralserver\debug\fishserverconfig.obj
d:\servercorewz\output\temp\centralserver\debug\robotmanager.obj
d:\servercorewz\output\temp\centralserver\debug\tinyxml2.obj
d:\servercorewz\output\temp\centralserver\debug\xmlreader.obj
d:\servercorewz\output\temp\centralserver\debug\announcementmanager.obj
d:\servercorewz\output\temp\centralserver\debug\centralserver.obj
d:\servercorewz\output\temp\centralserver\debug\clientlistmanager.obj
d:\servercorewz\output\temp\centralserver\debug\fishmonthmanager.obj
d:\servercorewz\output\temp\centralserver\debug\fishnoticemanager.obj
d:\servercorewz\output\temp\centralserver\debug\fishserver.obj
d:\servercorewz\output\temp\centralserver\debug\rolemanager.obj
d:\servercorewz\output\temp\centralserver\debug\rolerelationmanager.obj
d:\servercorewz\output\temp\centralserver\debug\taskmanager.obj
d:\servercorewz\output\debug\centralserver.ilk
d:\servercorewz\output\debug\centralserver.exe
d:\servercorewz\output\debug\centralserver.pdb
d:\servercorewz\\output\debug\centralserver.pdb
d:\servercorewz\\output\debug\centralserver.exe
d:\servercorewz\\output\debug\centralserver.ilk
d:\servercorewz\output\temp\centralserver\debug\centralserver.tlog\cl.command.1.tlog
d:\servercorewz\output\temp\centralserver\debug\centralserver.tlog\cl.read.1.tlog
d:\servercorewz\output\temp\centralserver\debug\centralserver.tlog\cl.write.1.tlog
d:\servercorewz\output\temp\centralserver\debug\centralserver.tlog\link.command.1.tlog
d:\servercorewz\output\temp\centralserver\debug\centralserver.tlog\link.read.1.tlog
d:\servercorewz\output\temp\centralserver\debug\centralserver.tlog\link.write.1.tlog
