生成启动时间为 2018/5/29 11:29:48。
     1>项目“D:\ServerCoreWZ\SourceCode\CentralServer\CentralServer.vcxproj”在节点 2 上(Rebuild 个目标)。
     1>ClCompile:
         C:\Program Files (x86)\Microsoft Visual Studio 12.0\VC\bin\CL.exe /c /ID:\ServerCoreWZ\\SourceCode\Common /Zi /nologo /W3 /WX- /Od /Oy- /D WIN32 /D _DEBUG /D _CONSOLE /D CENTRALSERVER /D _UNICODE /D UNICODE /Gm /EHsc /RTC1 /MTd /GS /fp:precise /Zc:wchar_t /Zc:forScope /Yc"stdafx.h" /Fp"D:\ServerCoreWZ\\Output\Temp\CentralServer\Debug\CentralServer.pch" /Fo"D:\ServerCoreWZ\\Output\Temp\CentralServer\Debug\\" /Fd"D:\ServerCoreWZ\\Output\Temp\CentralServer\Debug\vc120.pdb" /Gd /TP /analyze- /errorReport:prompt /Zm110 stdafx.cpp
         stdafx.cpp
         C:\Program Files (x86)\Microsoft Visual Studio 12.0\VC\bin\CL.exe /c /ID:\ServerCoreWZ\\SourceCode\Common /Zi /nologo /W3 /WX- /Od /Oy- /D WIN32 /D _DEBUG /D _CONSOLE /D CENTRALSERVER /D _UNICODE /D UNICODE /Gm /EHsc /RTC1 /MTd /GS /fp:precise /Zc:wchar_t /Zc:forScope /Yu"stdafx.h" /Fp"D:\ServerCoreWZ\\Output\Temp\CentralServer\Debug\CentralServer.pch" /Fo"D:\ServerCoreWZ\\Output\Temp\CentralServer\Debug\\" /Fd"D:\ServerCoreWZ\\Output\Temp\CentralServer\Debug\vc120.pdb" /Gd /TP /analyze- /errorReport:prompt /Zm110 ..\CommonFile\DBLogManager.cpp ..\CommonFile\FishConfig.cpp ..\CommonFile\FishServerConfig.cpp ..\CommonFile\RobotManager.cpp ..\CommonFile\tinyxml\tinyxml2.cpp ..\CommonFile\tinyxml\XmlReader.cpp AnnouncementManager.cpp CentralServer.cpp ClientListManager.cpp FishMonthManager.cpp FishNoticeManager.cpp FishServer.cpp RoleManager.cpp RoleRelationManager.cpp TaskManager.cpp
         TaskManager.cpp
         RoleRelationManager.cpp
         RoleManager.cpp
         FishServer.cpp
         FishNoticeManager.cpp
         FishMonthManager.cpp
         ClientListManager.cpp
         CentralServer.cpp
         AnnouncementManager.cpp
         XmlReader.cpp
         tinyxml2.cpp
         RobotManager.cpp
         FishServerConfig.cpp
         FishConfig.cpp
         DBLogManager.cpp
         正在生成代码...
       Link:
         C:\Program Files (x86)\Microsoft Visual Studio 12.0\VC\bin\link.exe /ERRORREPORT:PROMPT /OUT:"D:\ServerCoreWZ\\Output\Debug\CentralServer.exe" /INCREMENTAL /NOLOGO /LIBPATH:D:\ServerCoreWZ\\Output\Debug Common.lib kernel32.lib user32.lib gdi32.lib winspool.lib comdlg32.lib advapi32.lib shell32.lib ole32.lib oleaut32.lib uuid.lib odbc32.lib odbccp32.lib /MANIFEST /MANIFESTUAC:"level='asInvoker' uiAccess='false'" /manifest:embed /DEBUG /PDB:"D:\ServerCoreWZ\\Output\Debug\CentralServer.pdb" /SUBSYSTEM:CONSOLE /TLBID:1 /DYNAMICBASE /NXCOMPAT /IMPLIB:"D:\ServerCoreWZ\\Output\Debug\CentralServer.lib" /MACHINE:X86 /SAFESEH D:\ServerCoreWZ\\Output\Temp\CentralServer\Debug\DBLogManager.obj
         D:\ServerCoreWZ\\Output\Temp\CentralServer\Debug\FishConfig.obj
         D:\ServerCoreWZ\\Output\Temp\CentralServer\Debug\FishServerConfig.obj
         D:\ServerCoreWZ\\Output\Temp\CentralServer\Debug\RobotManager.obj
         D:\ServerCoreWZ\\Output\Temp\CentralServer\Debug\tinyxml2.obj
         D:\ServerCoreWZ\\Output\Temp\CentralServer\Debug\XmlReader.obj
         D:\ServerCoreWZ\\Output\Temp\CentralServer\Debug\AnnouncementManager.obj
         D:\ServerCoreWZ\\Output\Temp\CentralServer\Debug\CentralServer.obj
         D:\ServerCoreWZ\\Output\Temp\CentralServer\Debug\ClientListManager.obj
         D:\ServerCoreWZ\\Output\Temp\CentralServer\Debug\FishMonthManager.obj
         D:\ServerCoreWZ\\Output\Temp\CentralServer\Debug\FishNoticeManager.obj
         D:\ServerCoreWZ\\Output\Temp\CentralServer\Debug\FishServer.obj
         D:\ServerCoreWZ\\Output\Temp\CentralServer\Debug\RoleManager.obj
         D:\ServerCoreWZ\\Output\Temp\CentralServer\Debug\RoleRelationManager.obj
         D:\ServerCoreWZ\\Output\Temp\CentralServer\Debug\stdafx.obj
         D:\ServerCoreWZ\\Output\Temp\CentralServer\Debug\TaskManager.obj
         D:\ServerCoreWZ\Output\Debug\Common.lib
         CentralServer.vcxproj -> D:\ServerCoreWZ\\Output\Debug\CentralServer.exe
     1>已完成生成项目“D:\ServerCoreWZ\SourceCode\CentralServer\CentralServer.vcxproj”(Rebuild 个目标)的操作。

生成成功。

已用时间 00:00:33.50
