d:\servercorewz\output\temp\rankserver\debug\rankserver.pch
d:\servercorewz\output\temp\rankserver\debug\vc120.pdb
d:\servercorewz\output\temp\rankserver\debug\vc120.idb
d:\servercorewz\output\temp\rankserver\debug\stdafx.obj
d:\servercorewz\output\temp\rankserver\debug\fishconfig.obj
d:\servercorewz\output\temp\rankserver\debug\fishserverconfig.obj
d:\servercorewz\output\temp\rankserver\debug\tinyxml2.obj
d:\servercorewz\output\temp\rankserver\debug\xmlreader.obj
d:\servercorewz\output\temp\rankserver\debug\fishserver.obj
d:\servercorewz\output\temp\rankserver\debug\rankmanager.obj
d:\servercorewz\output\temp\rankserver\debug\rankserver.obj
d:\servercorewz\output\debug\rankserver.ilk
d:\servercorewz\output\debug\rankserver.exe
d:\servercorewz\output\debug\rankserver.pdb
d:\servercorewz\output\temp\rankserver\debug\app.res
d:\servercorewz\output\temp\rankserver\debug\rankserver.vcxprojresolveassemblyreference.cache
d:\servercorewz\\output\debug\rankserver.pdb
d:\servercorewz\\output\debug\rankserver.exe
d:\servercorewz\\output\debug\rankserver.ilk
d:\servercorewz\output\temp\rankserver\debug\rankserver.tlog\cl.command.1.tlog
d:\servercorewz\output\temp\rankserver\debug\rankserver.tlog\cl.read.1.tlog
d:\servercorewz\output\temp\rankserver\debug\rankserver.tlog\cl.write.1.tlog
d:\servercorewz\output\temp\rankserver\debug\rankserver.tlog\link.command.1.tlog
d:\servercorewz\output\temp\rankserver\debug\rankserver.tlog\link.read.1.tlog
d:\servercorewz\output\temp\rankserver\debug\rankserver.tlog\link.write.1.tlog
d:\servercorewz\output\temp\rankserver\debug\rankserver.tlog\rc.command.1.tlog
d:\servercorewz\output\temp\rankserver\debug\rankserver.tlog\rc.read.1.tlog
d:\servercorewz\output\temp\rankserver\debug\rankserver.tlog\rc.write.1.tlog
