生成启动时间为 2018/5/29 11:31:09。
     1>项目“D:\ServerCoreWZ\SourceCode\MiniGameServer\MiniGameServer.vcxproj”在节点 4 上(Rebuild 个目标)。
     1>ClCompile:
         C:\Program Files (x86)\Microsoft Visual Studio 12.0\VC\bin\CL.exe /c /ID:\ServerCoreWZ\\SourceCode\Common /ZI /nologo /W3 /WX- /sdl /Od /Oy- /D WIN32 /D _DEBUG /D _CONSOLE /D _LIB /D _UNICODE /D UNICODE /Gm /EHsc /RTC1 /MTd /GS /fp:precise /Zc:wchar_t /Zc:forScope /Yc"stdafx.h" /Fp"D:\ServerCoreWZ\\Output\Temp\MiniGameServer\Debug\MiniGameServer.pch" /Fo"D:\ServerCoreWZ\\Output\Temp\MiniGameServer\Debug\\" /Fd"D:\ServerCoreWZ\\Output\Temp\MiniGameServer\Debug\vc120.pdb" /Gd /TP /analyze- /errorReport:prompt /Zm110 stdafx.cpp
         stdafx.cpp
         C:\Program Files (x86)\Microsoft Visual Studio 12.0\VC\bin\CL.exe /c /ID:\ServerCoreWZ\\SourceCode\Common /ZI /nologo /W3 /WX- /sdl /Od /Oy- /D WIN32 /D _DEBUG /D _CONSOLE /D _LIB /D _UNICODE /D UNICODE /Gm /EHsc /RTC1 /MTd /GS /fp:precise /Zc:wchar_t /Zc:forScope /Yu"stdafx.h" /Fp"D:\ServerCoreWZ\\Output\Temp\MiniGameServer\Debug\MiniGameServer.pch" /Fo"D:\ServerCoreWZ\\Output\Temp\MiniGameServer\Debug\\" /Fd"D:\ServerCoreWZ\\Output\Temp\MiniGameServer\Debug\vc120.pdb" /Gd /TP /analyze- /errorReport:prompt /Zm110 ..\CommonFile\DBLogManager.cpp ..\CommonFile\FishConfig.cpp ..\CommonFile\FishServerConfig.cpp ..\CommonFile\RobotManager.cpp ..\CommonFile\tinyxml\tinyxml2.cpp ..\CommonFile\tinyxml\XmlReader.cpp CarManager.cpp DialManager.cpp FishServer.cpp MiniGameServer.cpp niuniu\animalrobot.cpp niuniu\carrobot.cpp niuniu\NiuNiuManager.cpp niuniu\oxrobot.cpp RoleManager.cpp ServerControlItemSink.cpp
         ServerControlItemSink.cpp
         RoleManager.cpp
         oxrobot.cpp
         NiuNiuManager.cpp
         carrobot.cpp
         animalrobot.cpp
         MiniGameServer.cpp
         FishServer.cpp
         DialManager.cpp
         CarManager.cpp
         XmlReader.cpp
         tinyxml2.cpp
         RobotManager.cpp
         FishServerConfig.cpp
         FishConfig.cpp
         DBLogManager.cpp
         正在生成代码...
       Link:
         C:\Program Files (x86)\Microsoft Visual Studio 12.0\VC\bin\link.exe /ERRORREPORT:PROMPT /OUT:"D:\ServerCoreWZ\\Output\Debug\MiniGameServer.exe" /INCREMENTAL /NOLOGO /LIBPATH:D:\ServerCoreWZ\\Output\Debug Common.lib kernel32.lib user32.lib gdi32.lib winspool.lib comdlg32.lib advapi32.lib shell32.lib ole32.lib oleaut32.lib uuid.lib odbc32.lib odbccp32.lib /MANIFEST /MANIFESTUAC:"level='asInvoker' uiAccess='false'" /manifest:embed /DEBUG /PDB:"D:\ServerCoreWZ\\Output\Debug\MiniGameServer.pdb" /SUBSYSTEM:CONSOLE /TLBID:1 /DYNAMICBASE /NXCOMPAT /IMPLIB:"D:\ServerCoreWZ\\Output\Debug\MiniGameServer.lib" /MACHINE:X86 D:\ServerCoreWZ\\Output\Temp\MiniGameServer\Debug\DBLogManager.obj
         D:\ServerCoreWZ\\Output\Temp\MiniGameServer\Debug\FishConfig.obj
         D:\ServerCoreWZ\\Output\Temp\MiniGameServer\Debug\FishServerConfig.obj
         D:\ServerCoreWZ\\Output\Temp\MiniGameServer\Debug\RobotManager.obj
         D:\ServerCoreWZ\\Output\Temp\MiniGameServer\Debug\tinyxml2.obj
         D:\ServerCoreWZ\\Output\Temp\MiniGameServer\Debug\XmlReader.obj
         D:\ServerCoreWZ\\Output\Temp\MiniGameServer\Debug\CarManager.obj
         D:\ServerCoreWZ\\Output\Temp\MiniGameServer\Debug\DialManager.obj
         D:\ServerCoreWZ\\Output\Temp\MiniGameServer\Debug\FishServer.obj
         D:\ServerCoreWZ\\Output\Temp\MiniGameServer\Debug\MiniGameServer.obj
         D:\ServerCoreWZ\\Output\Temp\MiniGameServer\Debug\animalrobot.obj
         D:\ServerCoreWZ\\Output\Temp\MiniGameServer\Debug\carrobot.obj
         D:\ServerCoreWZ\\Output\Temp\MiniGameServer\Debug\NiuNiuManager.obj
         D:\ServerCoreWZ\\Output\Temp\MiniGameServer\Debug\oxrobot.obj
         D:\ServerCoreWZ\\Output\Temp\MiniGameServer\Debug\RoleManager.obj
         D:\ServerCoreWZ\\Output\Temp\MiniGameServer\Debug\ServerControlItemSink.obj
         D:\ServerCoreWZ\\Output\Temp\MiniGameServer\Debug\stdafx.obj
         MiniGameServer.vcxproj -> D:\ServerCoreWZ\\Output\Debug\MiniGameServer.exe
     1>已完成生成项目“D:\ServerCoreWZ\SourceCode\MiniGameServer\MiniGameServer.vcxproj”(Rebuild 个目标)的操作。

生成成功。

已用时间 00:00:37.90
