d:\servercorewz\output\temp\minigameserver\debug\minigameserver.pch
d:\servercorewz\output\temp\minigameserver\debug\vc120.pdb
d:\servercorewz\output\temp\minigameserver\debug\vc120.idb
d:\servercorewz\output\temp\minigameserver\debug\stdafx.obj
d:\servercorewz\output\temp\minigameserver\debug\dblogmanager.obj
d:\servercorewz\output\temp\minigameserver\debug\fishconfig.obj
d:\servercorewz\output\temp\minigameserver\debug\fishserverconfig.obj
d:\servercorewz\output\temp\minigameserver\debug\robotmanager.obj
d:\servercorewz\output\temp\minigameserver\debug\tinyxml2.obj
d:\servercorewz\output\temp\minigameserver\debug\xmlreader.obj
d:\servercorewz\output\temp\minigameserver\debug\carmanager.obj
d:\servercorewz\output\temp\minigameserver\debug\dialmanager.obj
d:\servercorewz\output\temp\minigameserver\debug\fishserver.obj
d:\servercorewz\output\temp\minigameserver\debug\minigameserver.obj
d:\servercorewz\output\temp\minigameserver\debug\animalrobot.obj
d:\servercorewz\output\temp\minigameserver\debug\carrobot.obj
d:\servercorewz\output\temp\minigameserver\debug\niuniumanager.obj
d:\servercorewz\output\temp\minigameserver\debug\oxrobot.obj
d:\servercorewz\output\temp\minigameserver\debug\rolemanager.obj
d:\servercorewz\output\temp\minigameserver\debug\servercontrolitemsink.obj
d:\servercorewz\output\debug\minigameserver.ilk
d:\servercorewz\output\debug\minigameserver.exe
d:\servercorewz\output\debug\minigameserver.pdb
d:\servercorewz\\output\debug\minigameserver.pdb
d:\servercorewz\\output\debug\minigameserver.exe
d:\servercorewz\\output\debug\minigameserver.ilk
d:\servercorewz\output\temp\minigameserver\debug\minigameserver.tlog\cl.command.1.tlog
d:\servercorewz\output\temp\minigameserver\debug\minigameserver.tlog\cl.read.1.tlog
d:\servercorewz\output\temp\minigameserver\debug\minigameserver.tlog\cl.write.1.tlog
d:\servercorewz\output\temp\minigameserver\debug\minigameserver.tlog\link.command.1.tlog
d:\servercorewz\output\temp\minigameserver\debug\minigameserver.tlog\link.read.1.tlog
d:\servercorewz\output\temp\minigameserver\debug\minigameserver.tlog\link.write.1.tlog
